<?xml version="1.0" encoding="UTF-8"?>
<testsuite name="io.web.book.springboot.HelloControllerTest" tests="2" skipped="0" failures="0" errors="0" timestamp="2020-12-31T18:55:04" hostname="DESKTOP-NQ39FVO" time="0.639">
  <properties/>
  <testcase name="hello가_리턴된다()" classname="io.web.book.springboot.HelloControllerTest" time="0.523"/>
  <testcase name="helloDto가_리턴된다()" classname="io.web.book.springboot.HelloControllerTest" time="0.114"/>
  <system-out><![CDATA[03:55:00.769 [Test worker] DEBUG org.springframework.test.context.BootstrapUtils - Instantiating CacheAwareContextLoaderDelegate from class [org.springframework.test.context.cache.DefaultCacheAwareContextLoaderDelegate]
03:55:00.784 [Test worker] DEBUG org.springframework.test.context.BootstrapUtils - Instantiating BootstrapContext using constructor [public org.springframework.test.context.support.DefaultBootstrapContext(java.lang.Class,org.springframework.test.context.CacheAwareContextLoaderDelegate)]
03:55:00.826 [Test worker] DEBUG org.springframework.test.context.BootstrapUtils - Instantiating TestContextBootstrapper for test class [io.web.book.springboot.HelloControllerTest] from class [org.springframework.boot.test.autoconfigure.web.servlet.WebMvcTestContextBootstrapper]
03:55:00.840 [Test worker] INFO org.springframework.boot.test.autoconfigure.web.servlet.WebMvcTestContextBootstrapper - Neither @ContextConfiguration nor @ContextHierarchy found for test class [io.web.book.springboot.HelloControllerTest], using SpringBootContextLoader
03:55:00.845 [Test worker] DEBUG org.springframework.test.context.support.AbstractContextLoader - Did not detect default resource location for test class [io.web.book.springboot.HelloControllerTest]: class path resource [io/web/book/springboot/HelloControllerTest-context.xml] does not exist
03:55:00.846 [Test worker] DEBUG org.springframework.test.context.support.AbstractContextLoader - Did not detect default resource location for test class [io.web.book.springboot.HelloControllerTest]: class path resource [io/web/book/springboot/HelloControllerTestContext.groovy] does not exist
03:55:00.846 [Test worker] INFO org.springframework.test.context.support.AbstractContextLoader - Could not detect default resource locations for test class [io.web.book.springboot.HelloControllerTest]: no resource found for suffixes {-context.xml, Context.groovy}.
03:55:00.847 [Test worker] INFO org.springframework.test.context.support.AnnotationConfigContextLoaderUtils - Could not detect default configuration classes for test class [io.web.book.springboot.HelloControllerTest]: HelloControllerTest does not declare any static, non-private, non-final, nested classes annotated with @Configuration.
03:55:00.935 [Test worker] DEBUG org.springframework.test.context.support.ActiveProfilesUtils - Could not find an 'annotation declaring class' for annotation type [org.springframework.test.context.ActiveProfiles] and class [io.web.book.springboot.HelloControllerTest]
03:55:01.010 [Test worker] DEBUG org.springframework.context.annotation.ClassPathScanningCandidateComponentProvider - Identified candidate component class: file [D:\JAVA_WORKSPACE\build\classes\java\main\io\web\book\springboot\Application.class]
03:55:01.012 [Test worker] INFO org.springframework.boot.test.context.SpringBootTestContextBootstrapper - Found @SpringBootConfiguration io.web.book.springboot.Application for test class io.web.book.springboot.HelloControllerTest
03:55:01.015 [Test worker] DEBUG org.springframework.boot.test.autoconfigure.web.servlet.WebMvcTestContextBootstrapper - @TestExecutionListeners is not present for class [io.web.book.springboot.HelloControllerTest]: using defaults.
03:55:01.016 [Test worker] INFO org.springframework.boot.test.autoconfigure.web.servlet.WebMvcTestContextBootstrapper - Loaded default TestExecutionListener class names from location [META-INF/spring.factories]: [org.springframework.security.test.context.support.WithSecurityContextTestExecutionListener, org.springframework.security.test.context.support.ReactorContextTestExecutionListener, org.springframework.boot.test.autoconfigure.restdocs.RestDocsTestExecutionListener, org.springframework.boot.test.autoconfigure.web.client.MockRestServiceServerResetTestExecutionListener, org.springframework.boot.test.autoconfigure.web.servlet.MockMvcPrintOnlyOnFailureTestExecutionListener, org.springframework.boot.test.autoconfigure.web.servlet.WebDriverTestExecutionListener, org.springframework.boot.test.autoconfigure.webservices.client.MockWebServiceServerTestExecutionListener, org.springframework.boot.test.mock.mockito.MockitoTestExecutionListener, org.springframework.boot.test.mock.mockito.ResetMocksTestExecutionListener, org.springframework.test.context.web.ServletTestExecutionListener, org.springframework.test.context.support.DirtiesContextBeforeModesTestExecutionListener, org.springframework.test.context.support.DependencyInjectionTestExecutionListener, org.springframework.test.context.support.DirtiesContextTestExecutionListener, org.springframework.test.context.transaction.TransactionalTestExecutionListener, org.springframework.test.context.jdbc.SqlScriptsTestExecutionListener, org.springframework.test.context.event.EventPublishingTestExecutionListener]
03:55:01.044 [Test worker] INFO org.springframework.boot.test.autoconfigure.web.servlet.WebMvcTestContextBootstrapper - Using TestExecutionListeners: [org.springframework.test.context.web.ServletTestExecutionListener@70b1f448, org.springframework.test.context.support.DirtiesContextBeforeModesTestExecutionListener@15ef164d, org.springframework.boot.test.mock.mockito.MockitoTestExecutionListener@ae91036, org.springframework.boot.test.autoconfigure.SpringBootDependencyInjectionTestExecutionListener@3236719e, org.springframework.test.context.support.DirtiesContextTestExecutionListener@4ddad024, org.springframework.test.context.transaction.TransactionalTestExecutionListener@20eaeaac, org.springframework.test.context.jdbc.SqlScriptsTestExecutionListener@62c03627, org.springframework.security.test.context.support.WithSecurityContextTestExecutionListener@63fb1160, org.springframework.test.context.event.EventPublishingTestExecutionListener@78bbb6cb, org.springframework.security.test.context.support.ReactorContextTestExecutionListener@ff38cfa, org.springframework.boot.test.autoconfigure.restdocs.RestDocsTestExecutionListener@6c61e22d, org.springframework.boot.test.autoconfigure.web.client.MockRestServiceServerResetTestExecutionListener@57aa8ed0, org.springframework.boot.test.autoconfigure.web.servlet.MockMvcPrintOnlyOnFailureTestExecutionListener@72027700, org.springframework.boot.test.autoconfigure.web.servlet.WebDriverTestExecutionListener@6185b1e6, org.springframework.boot.test.autoconfigure.webservices.client.MockWebServiceServerTestExecutionListener@2964771, org.springframework.boot.test.mock.mockito.ResetMocksTestExecutionListener@1c995fd]
03:55:01.050 [Test worker] DEBUG org.springframework.test.context.support.AbstractDirtiesContextTestExecutionListener - Before test class: context [DefaultTestContext@279e44ae testClass = HelloControllerTest, testInstance = [null], testMethod = [null], testException = [null], mergedContextConfiguration = [WebMergedContextConfiguration@41fac6a9 testClass = HelloControllerTest, locations = '{}', classes = '{class io.web.book.springboot.Application}', contextInitializerClasses = '[]', activeProfiles = '{}', propertySourceLocations = '{}', propertySourceProperties = '{org.springframework.boot.test.autoconfigure.web.servlet.WebMvcTestContextBootstrapper=true}', contextCustomizers = set[org.springframework.boot.test.autoconfigure.OverrideAutoConfigurationContextCustomizerFactory$DisableAutoConfigurationContextCustomizer@1795949f, org.springframework.boot.test.autoconfigure.actuate.metrics.MetricsExportContextCustomizerFactory$DisableMetricExportContextCustomizer@17603003, org.springframework.boot.test.autoconfigure.filter.TypeExcludeFiltersContextCustomizer@1443bca7, org.springframework.boot.test.autoconfigure.properties.PropertyMappingContextCustomizer@ffe2b166, org.springframework.boot.test.autoconfigure.web.servlet.WebDriverContextCustomizerFactory$Customizer@86b661e, [ImportsContextCustomizer@1196ebcc key = [org.springframework.boot.autoconfigure.cache.CacheAutoConfiguration, org.springframework.boot.autoconfigure.context.MessageSourceAutoConfiguration, org.springframework.boot.autoconfigure.data.web.SpringDataWebAutoConfiguration, org.springframework.boot.autoconfigure.freemarker.FreeMarkerAutoConfiguration, org.springframework.boot.autoconfigure.groovy.template.GroovyTemplateAutoConfiguration, org.springframework.boot.autoconfigure.gson.GsonAutoConfiguration, org.springframework.boot.autoconfigure.hateoas.HypermediaAutoConfiguration, org.springframework.boot.autoconfigure.http.HttpMessageConvertersAutoConfiguration, org.springframework.boot.autoconfigure.jackson.JacksonAutoConfiguration, org.springframework.boot.autoconfigure.jsonb.JsonbAutoConfiguration, org.springframework.boot.autoconfigure.mustache.MustacheAutoConfiguration, org.springframework.boot.autoconfigure.task.TaskExecutionAutoConfiguration, org.springframework.boot.autoconfigure.thymeleaf.ThymeleafAutoConfiguration, org.springframework.boot.autoconfigure.validation.ValidationAutoConfiguration, org.springframework.boot.autoconfigure.web.servlet.error.ErrorMvcAutoConfiguration, org.springframework.boot.autoconfigure.web.servlet.HttpEncodingAutoConfiguration, org.springframework.boot.autoconfigure.web.servlet.WebMvcAutoConfiguration, org.springframework.boot.test.autoconfigure.web.servlet.MockMvcAutoConfiguration, org.springframework.boot.test.autoconfigure.web.servlet.MockMvcWebClientAutoConfiguration, org.springframework.boot.test.autoconfigure.web.servlet.MockMvcWebDriverAutoConfiguration, org.springframework.boot.autoconfigure.security.oauth2.client.servlet.OAuth2ClientAutoConfiguration, org.springframework.boot.autoconfigure.security.oauth2.resource.servlet.OAuth2ResourceServerAutoConfiguration, org.springframework.boot.autoconfigure.security.servlet.SecurityAutoConfiguration, org.springframework.boot.autoconfigure.security.servlet.SecurityFilterAutoConfiguration, org.springframework.boot.autoconfigure.security.servlet.UserDetailsServiceAutoConfiguration, org.springframework.boot.test.autoconfigure.web.servlet.MockMvcSecurityConfiguration]], org.springframework.boot.test.context.filter.ExcludeFilterContextCustomizer@5169b17d, org.springframework.boot.test.json.DuplicateJsonObjectContextCustomizerFactory$DuplicateJsonObjectContextCustomizer@509716ba, org.springframework.boot.test.mock.mockito.MockitoContextCustomizer@0, org.springframework.boot.test.context.SpringBootTestArgs@1, org.springframework.boot.test.context.SpringBootTestWebEnvironment@0], resourceBasePath = 'src/main/webapp', contextLoader = 'org.springframework.boot.test.context.SpringBootContextLoader', parent = [null]], attributes = map[[empty]]], class annotated with @DirtiesContext [false] with mode [null].
03:55:01.067 [Test worker] DEBUG org.springframework.test.context.support.DependencyInjectionTestExecutionListener - Performing dependency injection for test context [[DefaultTestContext@279e44ae testClass = HelloControllerTest, testInstance = io.web.book.springboot.HelloControllerTest@1ca8b85d, testMethod = [null], testException = [null], mergedContextConfiguration = [WebMergedContextConfiguration@41fac6a9 testClass = HelloControllerTest, locations = '{}', classes = '{class io.web.book.springboot.Application}', contextInitializerClasses = '[]', activeProfiles = '{}', propertySourceLocations = '{}', propertySourceProperties = '{org.springframework.boot.test.autoconfigure.web.servlet.WebMvcTestContextBootstrapper=true}', contextCustomizers = set[org.springframework.boot.test.autoconfigure.OverrideAutoConfigurationContextCustomizerFactory$DisableAutoConfigurationContextCustomizer@1795949f, org.springframework.boot.test.autoconfigure.actuate.metrics.MetricsExportContextCustomizerFactory$DisableMetricExportContextCustomizer@17603003, org.springframework.boot.test.autoconfigure.filter.TypeExcludeFiltersContextCustomizer@1443bca7, org.springframework.boot.test.autoconfigure.properties.PropertyMappingContextCustomizer@ffe2b166, org.springframework.boot.test.autoconfigure.web.servlet.WebDriverContextCustomizerFactory$Customizer@86b661e, [ImportsContextCustomizer@1196ebcc key = [org.springframework.boot.autoconfigure.cache.CacheAutoConfiguration, org.springframework.boot.autoconfigure.context.MessageSourceAutoConfiguration, org.springframework.boot.autoconfigure.data.web.SpringDataWebAutoConfiguration, org.springframework.boot.autoconfigure.freemarker.FreeMarkerAutoConfiguration, org.springframework.boot.autoconfigure.groovy.template.GroovyTemplateAutoConfiguration, org.springframework.boot.autoconfigure.gson.GsonAutoConfiguration, org.springframework.boot.autoconfigure.hateoas.HypermediaAutoConfiguration, org.springframework.boot.autoconfigure.http.HttpMessageConvertersAutoConfiguration, org.springframework.boot.autoconfigure.jackson.JacksonAutoConfiguration, org.springframework.boot.autoconfigure.jsonb.JsonbAutoConfiguration, org.springframework.boot.autoconfigure.mustache.MustacheAutoConfiguration, org.springframework.boot.autoconfigure.task.TaskExecutionAutoConfiguration, org.springframework.boot.autoconfigure.thymeleaf.ThymeleafAutoConfiguration, org.springframework.boot.autoconfigure.validation.ValidationAutoConfiguration, org.springframework.boot.autoconfigure.web.servlet.error.ErrorMvcAutoConfiguration, org.springframework.boot.autoconfigure.web.servlet.HttpEncodingAutoConfiguration, org.springframework.boot.autoconfigure.web.servlet.WebMvcAutoConfiguration, org.springframework.boot.test.autoconfigure.web.servlet.MockMvcAutoConfiguration, org.springframework.boot.test.autoconfigure.web.servlet.MockMvcWebClientAutoConfiguration, org.springframework.boot.test.autoconfigure.web.servlet.MockMvcWebDriverAutoConfiguration, org.springframework.boot.autoconfigure.security.oauth2.client.servlet.OAuth2ClientAutoConfiguration, org.springframework.boot.autoconfigure.security.oauth2.resource.servlet.OAuth2ResourceServerAutoConfiguration, org.springframework.boot.autoconfigure.security.servlet.SecurityAutoConfiguration, org.springframework.boot.autoconfigure.security.servlet.SecurityFilterAutoConfiguration, org.springframework.boot.autoconfigure.security.servlet.UserDetailsServiceAutoConfiguration, org.springframework.boot.test.autoconfigure.web.servlet.MockMvcSecurityConfiguration]], org.springframework.boot.test.context.filter.ExcludeFilterContextCustomizer@5169b17d, org.springframework.boot.test.json.DuplicateJsonObjectContextCustomizerFactory$DuplicateJsonObjectContextCustomizer@509716ba, org.springframework.boot.test.mock.mockito.MockitoContextCustomizer@0, org.springframework.boot.test.context.SpringBootTestArgs@1, org.springframework.boot.test.context.SpringBootTestWebEnvironment@0], resourceBasePath = 'src/main/webapp', contextLoader = 'org.springframework.boot.test.context.SpringBootContextLoader', parent = [null]], attributes = map[[empty]]]].
03:55:01.101 [Test worker] DEBUG org.springframework.test.context.support.TestPropertySourceUtils - Adding inlined properties to environment: {spring.jmx.enabled=false, org.springframework.boot.test.autoconfigure.web.servlet.WebMvcTestContextBootstrapper=true}

  .   ____          _            __ _ _
 /\\ / ___'_ __ _ _(_)_ __  __ _ \ \ \ \
( ( )\___ | '_ | '_| | '_ \/ _` | \ \ \ \
 \\/  ___)| |_)| | | | | || (_| |  ) ) ) )
  '  |____| .__|_| |_|_| |_\__, | / / / /
 =========|_|==============|___/=/_/_/_/
 :: Spring Boot ::                (v2.4.1)

2021-01-01 03:55:01.641  INFO 20912 --- [    Test worker] i.w.book.springboot.HelloControllerTest  : Starting HelloControllerTest using Java 11.0.4 on DESKTOP-NQ39FVO with PID 20912 (started by SWY in D:\JAVA_WORKSPACE)
2021-01-01 03:55:01.650  INFO 20912 --- [    Test worker] i.w.book.springboot.HelloControllerTest  : No active profile set, falling back to default profiles: default
2021-01-01 03:55:03.228  INFO 20912 --- [    Test worker] o.s.s.concurrent.ThreadPoolTaskExecutor  : Initializing ExecutorService 'applicationTaskExecutor'
2021-01-01 03:55:03.353  INFO 20912 --- [    Test worker] o.s.b.a.w.s.WelcomePageHandlerMapping    : Adding welcome page template: index
2021-01-01 03:55:03.936  INFO 20912 --- [    Test worker] o.s.s.web.DefaultSecurityFilterChain     : Will secure any request with [org.springframework.security.web.context.request.async.WebAsyncManagerIntegrationFilter@a7ebe8, org.springframework.security.web.context.SecurityContextPersistenceFilter@2e04c6ac, org.springframework.security.web.header.HeaderWriterFilter@6d7de883, org.springframework.security.web.csrf.CsrfFilter@4845465f, org.springframework.security.web.authentication.logout.LogoutFilter@5b437676, org.springframework.security.oauth2.client.web.OAuth2AuthorizationRequestRedirectFilter@6101285f, org.springframework.security.oauth2.client.web.OAuth2AuthorizationRequestRedirectFilter@706ffd54, org.springframework.security.oauth2.client.web.OAuth2LoginAuthenticationFilter@60f48bdb, org.springframework.security.web.authentication.ui.DefaultLoginPageGeneratingFilter@103599a1, org.springframework.security.web.authentication.ui.DefaultLogoutPageGeneratingFilter@31ed523e, org.springframework.security.web.savedrequest.RequestCacheAwareFilter@596bfbb3, org.springframework.security.web.servletapi.SecurityContextHolderAwareRequestFilter@5f3ef49f, org.springframework.security.web.authentication.AnonymousAuthenticationFilter@47ea6160, org.springframework.security.oauth2.client.web.OAuth2AuthorizationCodeGrantFilter@5a1ebe0c, org.springframework.security.web.session.SessionManagementFilter@70ae2b62, org.springframework.security.web.access.ExceptionTranslationFilter@3554787f, org.springframework.security.web.access.intercept.FilterSecurityInterceptor@ad03ee9]
2021-01-01 03:55:04.086  INFO 20912 --- [    Test worker] o.s.b.t.m.w.SpringBootMockServletContext : Initializing Spring TestDispatcherServlet ''
2021-01-01 03:55:04.086  INFO 20912 --- [    Test worker] o.s.t.web.servlet.TestDispatcherServlet  : Initializing Servlet ''
2021-01-01 03:55:04.088  INFO 20912 --- [    Test worker] o.s.t.web.servlet.TestDispatcherServlet  : Completed initialization in 2 ms
2021-01-01 03:55:04.123  INFO 20912 --- [    Test worker] i.w.book.springboot.HelloControllerTest  : Started HelloControllerTest in 3.012 seconds (JVM running for 5.38)
]]></system-out>
  <system-err><![CDATA[]]></system-err>
</testsuite>
